[ 2017-03-06T18:03:27+08:00 ] 127.0.0.1 /Ajax/getJsonMenu?t=0.37330882294073686
INFO: [ app_init ] --START--
INFO: Run Behavior\BuildLiteBehavior [ RunTime:0.000000s ]
INFO: [ app_init ] --END-- [ RunTime:0.002000s ]
INFO: [ app_begin ] --START--
INFO: Run Behavior\ReadHtmlCacheBehavior [ RunTime:0.000000s ]
INFO: [ app_begin ] --END-- [ RunTime:0.000000s ]
SQL: SHOW COLUMNS FROM `movesay_user` [ RunTime:0.0030s ]
SQL: SELECT * FROM `movesay_user` WHERE ( id = 9 ) LIMIT 1   [ RunTime:0.0000s ]
SQL: SHOW COLUMNS FROM `movesay_user_coin` [ RunTime:0.0020s ]
SQL: SELECT * FROM `movesay_user_coin` WHERE `userid` = 9 LIMIT 1   [ RunTime:0.0000s ]
SQL: SHOW COLUMNS FROM `movesay_config` [ RunTime:0.0030s ]
SQL: SELECT * FROM `movesay_config` WHERE `id` = 1 LIMIT 1   [ RunTime:0.0010s ]
NOTIC: [8] Undefined index: qijianke D:\workfile\qhbtc\Application\Home\Controller\HomeController.class.php 第 49 行.
SQL: SHOW COLUMNS FROM `movesay_coin` [ RunTime:0.0020s ]
SQL: SELECT * FROM `movesay_coin` WHERE `status` = 1  [ RunTime:0.0010s ]
SQL: SHOW COLUMNS FROM `movesay_market` [ RunTime:0.0030s ]
SQL: SELECT * FROM `movesay_market` WHERE `status` = 1  [ RunTime:0.0000s ]
SQL: SHOW COLUMNS FROM `movesay_daohang` [ RunTime:0.0020s ]
SQL: SELECT * FROM `movesay_daohang` WHERE `status` = 1 ORDER BY sort asc  [ RunTime:0.0010s ]
SQL: SHOW COLUMNS FROM `movesay_article_type` [ RunTime:0.0020s ]
SQL: SELECT * FROM `movesay_article_type` WHERE `status` = 1 AND `footer` = 1 AND `shang` = '' ORDER BY sort asc ,id desc LIMIT 3   [ RunTime:0.0000s ]
SQL: SELECT * FROM `movesay_article_type` WHERE `footer` = 1 AND `status` = 1 ORDER BY id asc LIMIT 4   [ RunTime:0.0000s ]
SQL: SELECT * FROM `movesay_article_type` WHERE `footer` = 1 AND `status` = 1 ORDER BY id asc LIMIT 4   [ RunTime:0.0010s ]
SQL: SELECT * FROM `movesay_article_type` WHERE `footer` = 1 AND `status` = 1 ORDER BY id asc LIMIT 4   [ RunTime:0.0000s ]

[ 2017-03-06T18:03:28+08:00 ] 127.0.0.1 /Ajax/allfinance?t=0.1162404372117134
INFO: [ app_init ] --START--
INFO: Run Behavior\BuildLiteBehavior [ RunTime:0.000000s ]
INFO: [ app_init ] --END-- [ RunTime:0.002000s ]
INFO: [ app_begin ] --START--
INFO: Run Behavior\ReadHtmlCacheBehavior [ RunTime:0.001000s ]
INFO: [ app_begin ] --END-- [ RunTime:0.001000s ]
SQL: SHOW COLUMNS FROM `movesay_user` [ RunTime:0.0020s ]
SQL: SELECT * FROM `movesay_user` WHERE ( id = 9 ) LIMIT 1   [ RunTime:0.0000s ]
SQL: SHOW COLUMNS FROM `movesay_user_coin` [ RunTime:0.0020s ]
SQL: SELECT * FROM `movesay_user_coin` WHERE `userid` = 9 LIMIT 1   [ RunTime:0.0000s ]
SQL: SHOW COLUMNS FROM `movesay_config` [ RunTime:0.0020s ]
SQL: SELECT * FROM `movesay_config` WHERE `id` = 1 LIMIT 1   [ RunTime:0.0010s ]
NOTIC: [8] Undefined index: qijianke D:\workfile\qhbtc\Application\Home\Controller\HomeController.class.php 第 49 行.
SQL: SHOW COLUMNS FROM `movesay_coin` [ RunTime:0.0020s ]
SQL: SELECT * FROM `movesay_coin` WHERE `status` = 1  [ RunTime:0.0000s ]
SQL: SHOW COLUMNS FROM `movesay_market` [ RunTime:0.0010s ]
SQL: SELECT * FROM `movesay_market` WHERE `status` = 1  [ RunTime:0.0000s ]
SQL: SHOW COLUMNS FROM `movesay_daohang` [ RunTime:0.0020s ]
SQL: SELECT * FROM `movesay_daohang` WHERE `status` = 1 ORDER BY sort asc  [ RunTime:0.0000s ]
SQL: SHOW COLUMNS FROM `movesay_article_type` [ RunTime:0.0010s ]
SQL: SELECT * FROM `movesay_article_type` WHERE `status` = 1 AND `footer` = 1 AND `shang` = '' ORDER BY sort asc ,id desc LIMIT 3   [ RunTime:0.0000s ]
SQL: SELECT * FROM `movesay_article_type` WHERE `footer` = 1 AND `status` = 1 ORDER BY id asc LIMIT 4   [ RunTime:0.0000s ]
SQL: SELECT * FROM `movesay_article_type` WHERE `footer` = 1 AND `status` = 1 ORDER BY id asc LIMIT 4   [ RunTime:0.0000s ]
SQL: SELECT * FROM `movesay_article_type` WHERE `footer` = 1 AND `status` = 1 ORDER BY id asc LIMIT 4   [ RunTime:0.0000s ]
SQL: SELECT * FROM `movesay_user_coin` WHERE `userid` = 9 LIMIT 1   [ RunTime:0.0010s ]

[ 2017-03-06T18:05:54+08:00 ] 127.0.0.1 /Finance/myzr/coin/test.html
INFO: [ app_init ] --START--
INFO: Run Behavior\BuildLiteBehavior [ RunTime:0.000000s ]
INFO: [ app_init ] --END-- [ RunTime:0.004000s ]
INFO: [ app_begin ] --START--
INFO: Run Behavior\ReadHtmlCacheBehavior [ RunTime:0.001000s ]
INFO: [ app_begin ] --END-- [ RunTime:0.001000s ]
SQL: SHOW COLUMNS FROM `movesay_user` [ RunTime:0.0020s ]
SQL: SELECT * FROM `movesay_user` WHERE ( id = 9 ) LIMIT 1   [ RunTime:0.0000s ]
SQL: SHOW COLUMNS FROM `movesay_user_coin` [ RunTime:0.0020s ]
SQL: SELECT * FROM `movesay_user_coin` WHERE `userid` = 9 LIMIT 1   [ RunTime:0.0010s ]
SQL: SHOW COLUMNS FROM `movesay_config` [ RunTime:0.0020s ]
SQL: SELECT * FROM `movesay_config` WHERE `id` = 1 LIMIT 1   [ RunTime:0.0010s ]
NOTIC: [8] Undefined index: qijianke D:\workfile\qhbtc\Application\Home\Controller\HomeController.class.php 第 49 行.
SQL: SHOW COLUMNS FROM `movesay_coin` [ RunTime:0.0020s ]
SQL: SELECT * FROM `movesay_coin` WHERE `status` = 1  [ RunTime:0.0000s ]
SQL: SHOW COLUMNS FROM `movesay_market` [ RunTime:0.0010s ]
SQL: SELECT * FROM `movesay_market` WHERE `status` = 1  [ RunTime:0.0000s ]
SQL: SHOW COLUMNS FROM `movesay_daohang` [ RunTime:0.0010s ]
SQL: SELECT * FROM `movesay_daohang` WHERE `status` = 1 ORDER BY sort asc  [ RunTime:0.0000s ]
SQL: SHOW COLUMNS FROM `movesay_article_type` [ RunTime:0.0020s ]
SQL: SELECT * FROM `movesay_article_type` WHERE `status` = 1 AND `footer` = 1 AND `shang` = '' ORDER BY sort asc ,id desc LIMIT 3   [ RunTime:0.0000s ]
SQL: SELECT * FROM `movesay_article_type` WHERE `footer` = 1 AND `status` = 1 ORDER BY id asc LIMIT 4   [ RunTime:0.0000s ]
SQL: SELECT * FROM `movesay_article_type` WHERE `footer` = 1 AND `status` = 1 ORDER BY id asc LIMIT 4   [ RunTime:0.0000s ]
SQL: SELECT * FROM `movesay_article_type` WHERE `footer` = 1 AND `status` = 1 ORDER BY id asc LIMIT 4   [ RunTime:0.0010s ]
SQL: SHOW COLUMNS FROM `movesay_text` [ RunTime:0.0020s ]
SQL: SHOW COLUMNS FROM `movesay_text` [ RunTime:0.0020s ]
SQL: SELECT * FROM `movesay_text` WHERE `name` = 'finance_myzr' LIMIT 1   [ RunTime:0.0000s ]
SQL: SELECT `content` FROM `movesay_text` WHERE `name` = 'finance_myzr' AND `status` = 1 LIMIT 1   [ RunTime:0.0000s ]
SQL: SELECT * FROM `movesay_coin` WHERE `status` = 1 AND `name` <> 'cny'  [ RunTime:0.0000s ]
SQL: SELECT * FROM `movesay_user_coin` WHERE `userid` = 9 LIMIT 1   [ RunTime:0.0010s ]
SQL: SELECT * FROM `movesay_coin` WHERE `name` = 'test' LIMIT 1   [ RunTime:0.0000s ]
SQL: SHOW COLUMNS FROM `movesay_myzr` [ RunTime:0.0020s ]
SQL: SELECT COUNT(*) AS tp_count FROM `movesay_myzr` WHERE `userid` = 9 AND `coinname` = 'test' LIMIT 1   [ RunTime:0.0000s ]
SQL: SELECT * FROM `movesay_myzr` WHERE `userid` = 9 AND `coinname` = 'test' ORDER BY id desc LIMIT 0,10   [ RunTime:0.0000s ]
INFO: [ view_parse ] --START--
INFO: [ template_filter ] --START--
INFO: Run Behavior\ContentReplaceBehavior [ RunTime:0.000000s ]
INFO: [ template_filter ] --END-- [ RunTime:0.000000s ]
NOTIC: [8] Undefined index: login_verify D:\workfile\qhbtc\Runtime\Cache\Home\a5d42f60cbcc5317e359d37067beabf4.php 第 745 行.
INFO: Run Behavior\ParseTemplateBehavior [ RunTime:0.015000s ]
INFO: [ view_parse ] --END-- [ RunTime:0.015000s ]
INFO: [ view_filter ] --START--
INFO: Run Behavior\WriteHtmlCacheBehavior [ RunTime:0.000000s ]
INFO: [ view_filter ] --END-- [ RunTime:0.000000s ]
INFO: [ app_end ] --START--
INFO: Run Behavior\ShowPageTraceBehavior [ RunTime:0.000000s ]
INFO: [ app_end ] --END-- [ RunTime:0.000000s ]

[ 2017-03-06T18:05:55+08:00 ] 127.0.0.1 /Ajax/getJsonMenu?t=0.2620910166756081
INFO: [ app_init ] --START--
INFO: Run Behavior\BuildLiteBehavior [ RunTime:0.000000s ]
INFO: [ app_init ] --END-- [ RunTime:0.002000s ]
INFO: [ app_begin ] --START--
INFO: Run Behavior\ReadHtmlCacheBehavior [ RunTime:0.000000s ]
INFO: [ app_begin ] --END-- [ RunTime:0.000000s ]
SQL: SHOW COLUMNS FROM `movesay_user` [ RunTime:0.0010s ]
SQL: SELECT * FROM `movesay_user` WHERE ( id = 9 ) LIMIT 1   [ RunTime:0.0000s ]
SQL: SHOW COLUMNS FROM `movesay_user_coin` [ RunTime:0.0020s ]
SQL: SELECT * FROM `movesay_user_coin` WHERE `userid` = 9 LIMIT 1   [ RunTime:0.0000s ]
SQL: SHOW COLUMNS FROM `movesay_config` [ RunTime:0.0020s ]
SQL: SELECT * FROM `movesay_config` WHERE `id` = 1 LIMIT 1   [ RunTime:0.0010s ]
NOTIC: [8] Undefined index: qijianke D:\workfile\qhbtc\Application\Home\Controller\HomeController.class.php 第 49 行.
SQL: SHOW COLUMNS FROM `movesay_coin` [ RunTime:0.0020s ]
SQL: SELECT * FROM `movesay_coin` WHERE `status` = 1  [ RunTime:0.0000s ]
SQL: SHOW COLUMNS FROM `movesay_market` [ RunTime:0.0010s ]
SQL: SELECT * FROM `movesay_market` WHERE `status` = 1  [ RunTime:0.0000s ]
SQL: SHOW COLUMNS FROM `movesay_daohang` [ RunTime:0.0020s ]
SQL: SELECT * FROM `movesay_daohang` WHERE `status` = 1 ORDER BY sort asc  [ RunTime:0.0000s ]
SQL: SHOW COLUMNS FROM `movesay_article_type` [ RunTime:0.0020s ]
SQL: SELECT * FROM `movesay_article_type` WHERE `status` = 1 AND `footer` = 1 AND `shang` = '' ORDER BY sort asc ,id desc LIMIT 3   [ RunTime:0.0010s ]
SQL: SELECT * FROM `movesay_article_type` WHERE `footer` = 1 AND `status` = 1 ORDER BY id asc LIMIT 4   [ RunTime:0.0010s ]
SQL: SELECT * FROM `movesay_article_type` WHERE `footer` = 1 AND `status` = 1 ORDER BY id asc LIMIT 4   [ RunTime:0.0000s ]
SQL: SELECT * FROM `movesay_article_type` WHERE `footer` = 1 AND `status` = 1 ORDER BY id asc LIMIT 4   [ RunTime:0.0000s ]

[ 2017-03-06T18:05:55+08:00 ] 127.0.0.1 /Ajax/allfinance?t=0.47212668255248724
INFO: [ app_init ] --START--
INFO: Run Behavior\BuildLiteBehavior [ RunTime:0.000000s ]
INFO: [ app_init ] --END-- [ RunTime:0.003000s ]
INFO: [ app_begin ] --START--
INFO: Run Behavior\ReadHtmlCacheBehavior [ RunTime:0.001000s ]
INFO: [ app_begin ] --END-- [ RunTime:0.001000s ]
SQL: SHOW COLUMNS FROM `movesay_user` [ RunTime:0.0020s ]
SQL: SELECT * FROM `movesay_user` WHERE ( id = 9 ) LIMIT 1   [ RunTime:0.0010s ]
SQL: SHOW COLUMNS FROM `movesay_user_coin` [ RunTime:0.0010s ]
SQL: SELECT * FROM `movesay_user_coin` WHERE `userid` = 9 LIMIT 1   [ RunTime:0.0000s ]
SQL: SHOW COLUMNS FROM `movesay_config` [ RunTime:0.0020s ]
SQL: SELECT * FROM `movesay_config` WHERE `id` = 1 LIMIT 1   [ RunTime:0.0010s ]
NOTIC: [8] Undefined index: qijianke D:\workfile\qhbtc\Application\Home\Controller\HomeController.class.php 第 49 行.
SQL: SHOW COLUMNS FROM `movesay_coin` [ RunTime:0.0020s ]
SQL: SELECT * FROM `movesay_coin` WHERE `status` = 1  [ RunTime:0.0000s ]
SQL: SHOW COLUMNS FROM `movesay_market` [ RunTime:0.0010s ]
SQL: SELECT * FROM `movesay_market` WHERE `status` = 1  [ RunTime:0.0000s ]
SQL: SHOW COLUMNS FROM `movesay_daohang` [ RunTime:0.0010s ]
SQL: SELECT * FROM `movesay_daohang` WHERE `status` = 1 ORDER BY sort asc  [ RunTime:0.0010s ]
SQL: SHOW COLUMNS FROM `movesay_article_type` [ RunTime:0.0020s ]
SQL: SELECT * FROM `movesay_article_type` WHERE `status` = 1 AND `footer` = 1 AND `shang` = '' ORDER BY sort asc ,id desc LIMIT 3   [ RunTime:0.0000s ]
SQL: SELECT * FROM `movesay_article_type` WHERE `footer` = 1 AND `status` = 1 ORDER BY id asc LIMIT 4   [ RunTime:0.0000s ]
SQL: SELECT * FROM `movesay_article_type` WHERE `footer` = 1 AND `status` = 1 ORDER BY id asc LIMIT 4   [ RunTime:0.0000s ]
SQL: SELECT * FROM `movesay_article_type` WHERE `footer` = 1 AND `status` = 1 ORDER BY id asc LIMIT 4   [ RunTime:0.0000s ]
SQL: SELECT * FROM `movesay_user_coin` WHERE `userid` = 9 LIMIT 1   [ RunTime:0.0000s ]

[ 2017-03-06T18:13:08+08:00 ] 127.0.0.1 /finance/myzr.html
INFO: [ app_init ] --START--
INFO: Run Behavior\BuildLiteBehavior [ RunTime:0.000000s ]
INFO: [ app_init ] --END-- [ RunTime:0.004000s ]
INFO: [ app_begin ] --START--
INFO: Run Behavior\ReadHtmlCacheBehavior [ RunTime:0.001000s ]
INFO: [ app_begin ] --END-- [ RunTime:0.001000s ]
SQL: SHOW COLUMNS FROM `movesay_user` [ RunTime:0.0020s ]
SQL: SELECT * FROM `movesay_user` WHERE ( id = 9 ) LIMIT 1   [ RunTime:0.0010s ]
SQL: SHOW COLUMNS FROM `movesay_user_coin` [ RunTime:0.0020s ]
SQL: SELECT * FROM `movesay_user_coin` WHERE `userid` = 9 LIMIT 1   [ RunTime:0.0000s ]
SQL: SHOW COLUMNS FROM `movesay_config` [ RunTime:0.0020s ]
SQL: SELECT * FROM `movesay_config` WHERE `id` = 1 LIMIT 1   [ RunTime:0.0000s ]
NOTIC: [8] Undefined index: qijianke D:\workfile\qhbtc\Application\Home\Controller\HomeController.class.php 第 49 行.
SQL: SHOW COLUMNS FROM `movesay_coin` [ RunTime:0.0020s ]
SQL: SELECT * FROM `movesay_coin` WHERE `status` = 1  [ RunTime:0.0000s ]
SQL: SHOW COLUMNS FROM `movesay_market` [ RunTime:0.0020s ]
SQL: SELECT * FROM `movesay_market` WHERE `status` = 1  [ RunTime:0.0000s ]
SQL: SHOW COLUMNS FROM `movesay_daohang` [ RunTime:0.0020s ]
SQL: SELECT * FROM `movesay_daohang` WHERE `status` = 1 ORDER BY sort asc  [ RunTime:0.0000s ]
SQL: SHOW COLUMNS FROM `movesay_article_type` [ RunTime:0.0010s ]
SQL: SELECT * FROM `movesay_article_type` WHERE `status` = 1 AND `footer` = 1 AND `shang` = '' ORDER BY sort asc ,id desc LIMIT 3   [ RunTime:0.0000s ]
SQL: SELECT * FROM `movesay_article_type` WHERE `footer` = 1 AND `status` = 1 ORDER BY id asc LIMIT 4   [ RunTime:0.0010s ]
SQL: SELECT * FROM `movesay_article_type` WHERE `footer` = 1 AND `status` = 1 ORDER BY id asc LIMIT 4   [ RunTime:0.0000s ]
SQL: SELECT * FROM `movesay_article_type` WHERE `footer` = 1 AND `status` = 1 ORDER BY id asc LIMIT 4   [ RunTime:0.0000s ]
SQL: SHOW COLUMNS FROM `movesay_text` [ RunTime:0.0020s ]
SQL: SHOW COLUMNS FROM `movesay_text` [ RunTime:0.0020s ]
SQL: SELECT * FROM `movesay_text` WHERE `name` = 'finance_myzr' LIMIT 1   [ RunTime:0.0000s ]
SQL: SELECT `content` FROM `movesay_text` WHERE `name` = 'finance_myzr' AND `status` = 1 LIMIT 1   [ RunTime:0.0000s ]
NOTIC: [8] Undefined index:  D:\workfile\qhbtc\Application\Home\Controller\FinanceController.class.php 第 416 行.
SQL: SELECT * FROM `movesay_coin` WHERE `status` = 1 AND `name` <> 'cny'  [ RunTime:0.0000s ]
SQL: SELECT * FROM `movesay_user_coin` WHERE `userid` = 9 LIMIT 1   [ RunTime:0.0000s ]
SQL: SELECT * FROM `movesay_coin` WHERE `name` = 'btc' LIMIT 1   [ RunTime:0.0000s ]
SQL: SHOW COLUMNS FROM `movesay_myzr` [ RunTime:0.0020s ]
SQL: SELECT COUNT(*) AS tp_count FROM `movesay_myzr` WHERE `userid` = 9 AND `coinname` = 'btc' LIMIT 1   [ RunTime:0.0000s ]
SQL: SELECT * FROM `movesay_myzr` WHERE `userid` = 9 AND `coinname` = 'btc' ORDER BY id desc LIMIT 0,10   [ RunTime:0.0000s ]
INFO: [ view_parse ] --START--
INFO: [ template_filter ] --START--
INFO: Run Behavior\ContentReplaceBehavior [ RunTime:0.000000s ]
INFO: [ template_filter ] --END-- [ RunTime:0.000000s ]
NOTIC: [8] Undefined index: login_verify D:\workfile\qhbtc\Runtime\Cache\Home\a5d42f60cbcc5317e359d37067beabf4.php 第 745 行.
INFO: Run Behavior\ParseTemplateBehavior [ RunTime:0.015001s ]
INFO: [ view_parse ] --END-- [ RunTime:0.015001s ]
INFO: [ view_filter ] --START--
INFO: Run Behavior\WriteHtmlCacheBehavior [ RunTime:0.000000s ]
INFO: [ view_filter ] --END-- [ RunTime:0.000000s ]
INFO: [ app_end ] --START--
INFO: Run Behavior\ShowPageTraceBehavior [ RunTime:0.000000s ]
INFO: [ app_end ] --END-- [ RunTime:0.000000s ]

[ 2017-03-06T18:13:08+08:00 ] 127.0.0.1 /Ajax/getJsonMenu?t=0.9756949830873696
INFO: [ app_init ] --START--
INFO: Run Behavior\BuildLiteBehavior [ RunTime:0.000000s ]
INFO: [ app_init ] --END-- [ RunTime:0.003000s ]
INFO: [ app_begin ] --START--
INFO: Run Behavior\ReadHtmlCacheBehavior [ RunTime:0.001000s ]
INFO: [ app_begin ] --END-- [ RunTime:0.001000s ]
SQL: SHOW COLUMNS FROM `movesay_user` [ RunTime:0.0020s ]
SQL: SELECT * FROM `movesay_user` WHERE ( id = 9 ) LIMIT 1   [ RunTime:0.0010s ]
SQL: SHOW COLUMNS FROM `movesay_user_coin` [ RunTime:0.0020s ]
SQL: SELECT * FROM `movesay_user_coin` WHERE `userid` = 9 LIMIT 1   [ RunTime:0.0000s ]
SQL: SHOW COLUMNS FROM `movesay_config` [ RunTime:0.0020s ]
SQL: SELECT * FROM `movesay_config` WHERE `id` = 1 LIMIT 1   [ RunTime:0.0000s ]
NOTIC: [8] Undefined index: qijianke D:\workfile\qhbtc\Application\Home\Controller\HomeController.class.php 第 49 行.
SQL: SHOW COLUMNS FROM `movesay_coin` [ RunTime:0.0030s ]
SQL: SELECT * FROM `movesay_coin` WHERE `status` = 1  [ RunTime:0.0010s ]
SQL: SHOW COLUMNS FROM `movesay_market` [ RunTime:0.0060s ]
SQL: SELECT * FROM `movesay_market` WHERE `status` = 1  [ RunTime:0.0010s ]
SQL: SHOW COLUMNS FROM `movesay_daohang` [ RunTime:0.0010s ]
SQL: SELECT * FROM `movesay_daohang` WHERE `status` = 1 ORDER BY sort asc  [ RunTime:0.0000s ]
SQL: SHOW COLUMNS FROM `movesay_article_type` [ RunTime:0.0030s ]
SQL: SELECT * FROM `movesay_article_type` WHERE `status` = 1 AND `footer` = 1 AND `shang` = '' ORDER BY sort asc ,id desc LIMIT 3   [ RunTime:0.0000s ]
SQL: SELECT * FROM `movesay_article_type` WHERE `footer` = 1 AND `status` = 1 ORDER BY id asc LIMIT 4   [ RunTime:0.0000s ]
SQL: SELECT * FROM `movesay_article_type` WHERE `footer` = 1 AND `status` = 1 ORDER BY id asc LIMIT 4   [ RunTime:0.0010s ]
SQL: SELECT * FROM `movesay_article_type` WHERE `footer` = 1 AND `status` = 1 ORDER BY id asc LIMIT 4   [ RunTime:0.0000s ]

[ 2017-03-06T18:13:08+08:00 ] 127.0.0.1 /Ajax/allfinance?t=0.4809942171746133
INFO: [ app_init ] --START--
INFO: Run Behavior\BuildLiteBehavior [ RunTime:0.000000s ]
INFO: [ app_init ] --END-- [ RunTime:0.003000s ]
INFO: [ app_begin ] --START--
INFO: Run Behavior\ReadHtmlCacheBehavior [ RunTime:0.001000s ]
INFO: [ app_begin ] --END-- [ RunTime:0.001000s ]
SQL: SHOW COLUMNS FROM `movesay_user` [ RunTime:0.0030s ]
SQL: SELECT * FROM `movesay_user` WHERE ( id = 9 ) LIMIT 1   [ RunTime:0.0000s ]
SQL: SHOW COLUMNS FROM `movesay_user_coin` [ RunTime:0.0030s ]
SQL: SELECT * FROM `movesay_user_coin` WHERE `userid` = 9 LIMIT 1   [ RunTime:0.0000s ]
SQL: SHOW COLUMNS FROM `movesay_config` [ RunTime:0.0030s ]
SQL: SELECT * FROM `movesay_config` WHERE `id` = 1 LIMIT 1   [ RunTime:0.0010s ]
NOTIC: [8] Undefined index: qijianke D:\workfile\qhbtc\Application\Home\Controller\HomeController.class.php 第 49 行.
SQL: SHOW COLUMNS FROM `movesay_coin` [ RunTime:0.0030s ]
SQL: SELECT * FROM `movesay_coin` WHERE `status` = 1  [ RunTime:0.0010s ]
SQL: SHOW COLUMNS FROM `movesay_market` [ RunTime:0.0020s ]
SQL: SELECT * FROM `movesay_market` WHERE `status` = 1  [ RunTime:0.0000s ]
SQL: SHOW COLUMNS FROM `movesay_daohang` [ RunTime:0.0030s ]
SQL: SELECT * FROM `movesay_daohang` WHERE `status` = 1 ORDER BY sort asc  [ RunTime:0.0000s ]
SQL: SHOW COLUMNS FROM `movesay_article_type` [ RunTime:0.0020s ]
SQL: SELECT * FROM `movesay_article_type` WHERE `status` = 1 AND `footer` = 1 AND `shang` = '' ORDER BY sort asc ,id desc LIMIT 3   [ RunTime:0.0010s ]
SQL: SELECT * FROM `movesay_article_type` WHERE `footer` = 1 AND `status` = 1 ORDER BY id asc LIMIT 4   [ RunTime:0.0010s ]
SQL: SELECT * FROM `movesay_article_type` WHERE `footer` = 1 AND `status` = 1 ORDER BY id asc LIMIT 4   [ RunTime:0.0000s ]
SQL: SELECT * FROM `movesay_article_type` WHERE `footer` = 1 AND `status` = 1 ORDER BY id asc LIMIT 4   [ RunTime:0.0000s ]
SQL: SELECT * FROM `movesay_user_coin` WHERE `userid` = 9 LIMIT 1   [ RunTime:0.0000s ]

[ 2017-03-06T18:13:11+08:00 ] 127.0.0.1 /finance/myzr.html
INFO: [ app_init ] --START--
INFO: Run Behavior\BuildLiteBehavior [ RunTime:0.000000s ]
INFO: [ app_init ] --END-- [ RunTime:0.005001s ]
INFO: [ app_begin ] --START--
INFO: Run Behavior\ReadHtmlCacheBehavior [ RunTime:0.000000s ]
INFO: [ app_begin ] --END-- [ RunTime:0.001000s ]
SQL: SHOW COLUMNS FROM `movesay_user` [ RunTime:0.0020s ]
SQL: SELECT * FROM `movesay_user` WHERE ( id = 9 ) LIMIT 1   [ RunTime:0.0010s ]
SQL: SHOW COLUMNS FROM `movesay_user_coin` [ RunTime:0.0010s ]
SQL: SELECT * FROM `movesay_user_coin` WHERE `userid` = 9 LIMIT 1   [ RunTime:0.0000s ]
SQL: SHOW COLUMNS FROM `movesay_config` [ RunTime:0.0020s ]
SQL: SELECT * FROM `movesay_config` WHERE `id` = 1 LIMIT 1   [ RunTime:0.0000s ]
NOTIC: [8] Undefined index: qijianke D:\workfile\qhbtc\Application\Home\Controller\HomeController.class.php 第 49 行.
SQL: SHOW COLUMNS FROM `movesay_coin` [ RunTime:0.0020s ]
SQL: SELECT * FROM `movesay_coin` WHERE `status` = 1  [ RunTime:0.0000s ]
SQL: SHOW COLUMNS FROM `movesay_market` [ RunTime:0.0020s ]
SQL: SELECT * FROM `movesay_market` WHERE `status` = 1  [ RunTime:0.0000s ]
SQL: SHOW COLUMNS FROM `movesay_daohang` [ RunTime:0.0020s ]
SQL: SELECT * FROM `movesay_daohang` WHERE `status` = 1 ORDER BY sort asc  [ RunTime:0.0000s ]
SQL: SHOW COLUMNS FROM `movesay_article_type` [ RunTime:0.0010s ]
SQL: SELECT * FROM `movesay_article_type` WHERE `status` = 1 AND `footer` = 1 AND `shang` = '' ORDER BY sort asc ,id desc LIMIT 3   [ RunTime:0.0000s ]
SQL: SELECT * FROM `movesay_article_type` WHERE `footer` = 1 AND `status` = 1 ORDER BY id asc LIMIT 4   [ RunTime:0.0000s ]
SQL: SELECT * FROM `movesay_article_type` WHERE `footer` = 1 AND `status` = 1 ORDER BY id asc LIMIT 4   [ RunTime:0.0000s ]
SQL: SELECT * FROM `movesay_article_type` WHERE `footer` = 1 AND `status` = 1 ORDER BY id asc LIMIT 4   [ RunTime:0.0010s ]
SQL: SHOW COLUMNS FROM `movesay_text` [ RunTime:0.0020s ]
SQL: SHOW COLUMNS FROM `movesay_text` [ RunTime:0.0020s ]
SQL: SELECT * FROM `movesay_text` WHERE `name` = 'finance_myzr' LIMIT 1   [ RunTime:0.0000s ]
SQL: SELECT `content` FROM `movesay_text` WHERE `name` = 'finance_myzr' AND `status` = 1 LIMIT 1   [ RunTime:0.0000s ]
NOTIC: [8] Undefined index:  D:\workfile\qhbtc\Application\Home\Controller\FinanceController.class.php 第 416 行.
SQL: SELECT * FROM `movesay_coin` WHERE `status` = 1 AND `name` <> 'cny'  [ RunTime:0.0000s ]
SQL: SELECT * FROM `movesay_user_coin` WHERE `userid` = 9 LIMIT 1   [ RunTime:0.0000s ]
SQL: SELECT * FROM `movesay_coin` WHERE `name` = 'btc' LIMIT 1   [ RunTime:0.0010s ]
SQL: SHOW COLUMNS FROM `movesay_myzr` [ RunTime:0.0010s ]
SQL: SELECT COUNT(*) AS tp_count FROM `movesay_myzr` WHERE `userid` = 9 AND `coinname` = 'btc' LIMIT 1   [ RunTime:0.0000s ]
SQL: SELECT * FROM `movesay_myzr` WHERE `userid` = 9 AND `coinname` = 'btc' ORDER BY id desc LIMIT 0,10   [ RunTime:0.0000s ]
INFO: [ view_parse ] --START--
INFO: [ template_filter ] --START--
INFO: Run Behavior\ContentReplaceBehavior [ RunTime:0.001000s ]
INFO: [ template_filter ] --END-- [ RunTime:0.001000s ]
NOTIC: [8] Undefined index: login_verify D:\workfile\qhbtc\Runtime\Cache\Home\a5d42f60cbcc5317e359d37067beabf4.php 第 745 行.
INFO: Run Behavior\ParseTemplateBehavior [ RunTime:0.015001s ]
INFO: [ view_parse ] --END-- [ RunTime:0.015001s ]
INFO: [ view_filter ] --START--
INFO: Run Behavior\WriteHtmlCacheBehavior [ RunTime:0.000000s ]
INFO: [ view_filter ] --END-- [ RunTime:0.000000s ]
INFO: [ app_end ] --START--
INFO: Run Behavior\ShowPageTraceBehavior [ RunTime:0.001000s ]
INFO: [ app_end ] --END-- [ RunTime:0.001000s ]

[ 2017-03-06T18:13:11+08:00 ] 127.0.0.1 /Ajax/getJsonMenu?t=0.6572716449661598
INFO: [ app_init ] --START--
INFO: Run Behavior\BuildLiteBehavior [ RunTime:0.000000s ]
INFO: [ app_init ] --END-- [ RunTime:0.002000s ]
INFO: [ app_begin ] --START--
INFO: Run Behavior\ReadHtmlCacheBehavior [ RunTime:0.001000s ]
INFO: [ app_begin ] --END-- [ RunTime:0.001000s ]
SQL: SHOW COLUMNS FROM `movesay_user` [ RunTime:0.0020s ]
SQL: SELECT * FROM `movesay_user` WHERE ( id = 9 ) LIMIT 1   [ RunTime:0.0000s ]
SQL: SHOW COLUMNS FROM `movesay_user_coin` [ RunTime:0.0020s ]
SQL: SELECT * FROM `movesay_user_coin` WHERE `userid` = 9 LIMIT 1   [ RunTime:0.0010s ]
SQL: SHOW COLUMNS FROM `movesay_config` [ RunTime:0.0030s ]
SQL: SELECT * FROM `movesay_config` WHERE `id` = 1 LIMIT 1   [ RunTime:0.0010s ]
NOTIC: [8] Undefined index: qijianke D:\workfile\qhbtc\Application\Home\Controller\HomeController.class.php 第 49 行.
SQL: SHOW COLUMNS FROM `movesay_coin` [ RunTime:0.0040s ]
SQL: SELECT * FROM `movesay_coin` WHERE `status` = 1  [ RunTime:0.0000s ]
SQL: SHOW COLUMNS FROM `movesay_market` [ RunTime:0.0020s ]
SQL: SELECT * FROM `movesay_market` WHERE `status` = 1  [ RunTime:0.0010s ]
SQL: SHOW COLUMNS FROM `movesay_daohang` [ RunTime:0.0020s ]
SQL: SELECT * FROM `movesay_daohang` WHERE `status` = 1 ORDER BY sort asc  [ RunTime:0.0000s ]
SQL: SHOW COLUMNS FROM `movesay_article_type` [ RunTime:0.0020s ]
SQL: SELECT * FROM `movesay_article_type` WHERE `status` = 1 AND `footer` = 1 AND `shang` = '' ORDER BY sort asc ,id desc LIMIT 3   [ RunTime:0.0000s ]
SQL: SELECT * FROM `movesay_article_type` WHERE `footer` = 1 AND `status` = 1 ORDER BY id asc LIMIT 4   [ RunTime:0.0010s ]
SQL: SELECT * FROM `movesay_article_type` WHERE `footer` = 1 AND `status` = 1 ORDER BY id asc LIMIT 4   [ RunTime:0.0000s ]
SQL: SELECT * FROM `movesay_article_type` WHERE `footer` = 1 AND `status` = 1 ORDER BY id asc LIMIT 4   [ RunTime:0.0000s ]

[ 2017-03-06T18:13:11+08:00 ] 127.0.0.1 /Ajax/allfinance?t=0.7030855988788773
INFO: [ app_init ] --START--
INFO: Run Behavior\BuildLiteBehavior [ RunTime:0.000000s ]
INFO: [ app_init ] --END-- [ RunTime:0.002000s ]
INFO: [ app_begin ] --START--
INFO: Run Behavior\ReadHtmlCacheBehavior [ RunTime:0.000000s ]
INFO: [ app_begin ] --END-- [ RunTime:0.000000s ]
SQL: SHOW COLUMNS FROM `movesay_user` [ RunTime:0.0020s ]
SQL: SELECT * FROM `movesay_user` WHERE ( id = 9 ) LIMIT 1   [ RunTime:0.0000s ]
SQL: SHOW COLUMNS FROM `movesay_user_coin` [ RunTime:0.0020s ]
SQL: SELECT * FROM `movesay_user_coin` WHERE `userid` = 9 LIMIT 1   [ RunTime:0.0000s ]
SQL: SHOW COLUMNS FROM `movesay_config` [ RunTime:0.0030s ]
SQL: SELECT * FROM `movesay_config` WHERE `id` = 1 LIMIT 1   [ RunTime:0.0010s ]
NOTIC: [8] Undefined index: qijianke D:\workfile\qhbtc\Application\Home\Controller\HomeController.class.php 第 49 行.
SQL: SHOW COLUMNS FROM `movesay_coin` [ RunTime:0.0020s ]
SQL: SELECT * FROM `movesay_coin` WHERE `status` = 1  [ RunTime:0.0010s ]
SQL: SHOW COLUMNS FROM `movesay_market` [ RunTime:0.0020s ]
SQL: SELECT * FROM `movesay_market` WHERE `status` = 1  [ RunTime:0.0000s ]
SQL: SHOW COLUMNS FROM `movesay_daohang` [ RunTime:0.0020s ]
SQL: SELECT * FROM `movesay_daohang` WHERE `status` = 1 ORDER BY sort asc  [ RunTime:0.0000s ]
SQL: SHOW COLUMNS FROM `movesay_article_type` [ RunTime:0.0010s ]
SQL: SELECT * FROM `movesay_article_type` WHERE `status` = 1 AND `footer` = 1 AND `shang` = '' ORDER BY sort asc ,id desc LIMIT 3   [ RunTime:0.0000s ]
SQL: SELECT * FROM `movesay_article_type` WHERE `footer` = 1 AND `status` = 1 ORDER BY id asc LIMIT 4   [ RunTime:0.0000s ]
SQL: SELECT * FROM `movesay_article_type` WHERE `footer` = 1 AND `status` = 1 ORDER BY id asc LIMIT 4   [ RunTime:0.0010s ]
SQL: SELECT * FROM `movesay_article_type` WHERE `footer` = 1 AND `status` = 1 ORDER BY id asc LIMIT 4   [ RunTime:0.0010s ]
SQL: SELECT * FROM `movesay_user_coin` WHERE `userid` = 9 LIMIT 1   [ RunTime:0.0000s ]

[ 2017-03-06T18:16:29+08:00 ] 127.0.0.1 /finance/myzc.html
INFO: [ app_init ] --START--
INFO: Run Behavior\BuildLiteBehavior [ RunTime:0.000000s ]
INFO: [ app_init ] --END-- [ RunTime:0.004000s ]
INFO: [ app_begin ] --START--
INFO: Run Behavior\ReadHtmlCacheBehavior [ RunTime:0.001000s ]
INFO: [ app_begin ] --END-- [ RunTime:0.001000s ]
SQL: SHOW COLUMNS FROM `movesay_user` [ RunTime:0.0020s ]
SQL: SELECT * FROM `movesay_user` WHERE ( id = 9 ) LIMIT 1   [ RunTime:0.0000s ]
SQL: SHOW COLUMNS FROM `movesay_user_coin` [ RunTime:0.0020s ]
SQL: SELECT * FROM `movesay_user_coin` WHERE `userid` = 9 LIMIT 1   [ RunTime:0.0010s ]
SQL: SHOW COLUMNS FROM `movesay_config` [ RunTime:0.0020s ]
SQL: SELECT * FROM `movesay_config` WHERE `id` = 1 LIMIT 1   [ RunTime:0.0000s ]
NOTIC: [8] Undefined index: qijianke D:\workfile\qhbtc\Application\Home\Controller\HomeController.class.php 第 49 行.
SQL: SHOW COLUMNS FROM `movesay_coin` [ RunTime:0.0020s ]
SQL: SELECT * FROM `movesay_coin` WHERE `status` = 1  [ RunTime:0.0000s ]
SQL: SHOW COLUMNS FROM `movesay_market` [ RunTime:0.0020s ]
SQL: SELECT * FROM `movesay_market` WHERE `status` = 1  [ RunTime:0.0010s ]
SQL: SHOW COLUMNS FROM `movesay_daohang` [ RunTime:0.0020s ]
SQL: SELECT * FROM `movesay_daohang` WHERE `status` = 1 ORDER BY sort asc  [ RunTime:0.0000s ]
SQL: SHOW COLUMNS FROM `movesay_article_type` [ RunTime:0.0010s ]
SQL: SELECT * FROM `movesay_article_type` WHERE `status` = 1 AND `footer` = 1 AND `shang` = '' ORDER BY sort asc ,id desc LIMIT 3   [ RunTime:0.0010s ]
SQL: SELECT * FROM `movesay_article_type` WHERE `footer` = 1 AND `status` = 1 ORDER BY id asc LIMIT 4   [ RunTime:0.0000s ]
SQL: SELECT * FROM `movesay_article_type` WHERE `footer` = 1 AND `status` = 1 ORDER BY id asc LIMIT 4   [ RunTime:0.0010s ]
SQL: SELECT * FROM `movesay_article_type` WHERE `footer` = 1 AND `status` = 1 ORDER BY id asc LIMIT 4   [ RunTime:0.0000s ]
SQL: SHOW COLUMNS FROM `movesay_text` [ RunTime:0.0020s ]
SQL: SHOW COLUMNS FROM `movesay_text` [ RunTime:0.0020s ]
SQL: SELECT * FROM `movesay_text` WHERE `name` = 'finance_myzc' LIMIT 1   [ RunTime:0.0000s ]
SQL: SELECT `content` FROM `movesay_text` WHERE `name` = 'finance_myzc' AND `status` = 1 LIMIT 1   [ RunTime:0.0000s ]
NOTIC: [8] Undefined index:  D:\workfile\qhbtc\Application\Home\Controller\FinanceController.class.php 第 520 行.
SQL: SELECT * FROM `movesay_coin` WHERE `status` = 1 AND `name` <> 'cny'  [ RunTime:0.0000s ]
SQL: SELECT * FROM `movesay_user_coin` WHERE `userid` = 9 LIMIT 1   [ RunTime:0.0000s ]
SQL: SHOW COLUMNS FROM `movesay_user_qianbao` [ RunTime:0.0020s ]
SQL: SELECT * FROM `movesay_user_qianbao` WHERE `userid` = 9 AND `status` = 1 AND `coinname` = 'btc' ORDER BY id desc  [ RunTime:0.0000s ]
SQL: SHOW COLUMNS FROM `movesay_user` [ RunTime:0.0010s ]
SQL: SELECT `moble` FROM `movesay_user` WHERE `id` = 9 LIMIT 1   [ RunTime:0.0000s ]
SQL: SHOW COLUMNS FROM `movesay_myzc` [ RunTime:0.0010s ]
SQL: SELECT COUNT(*) AS tp_count FROM `movesay_myzc` WHERE `userid` = 9 AND `coinname` = 'btc' LIMIT 1   [ RunTime:0.0000s ]
SQL: SELECT * FROM `movesay_myzc` WHERE `userid` = 9 AND `coinname` = 'btc' ORDER BY id desc LIMIT 0,10   [ RunTime:0.0000s ]
INFO: [ view_parse ] --START--
INFO: [ template_filter ] --START--
INFO: Run Behavior\ContentReplaceBehavior [ RunTime:0.000000s ]
INFO: [ template_filter ] --END-- [ RunTime:0.000000s ]
NOTIC: [8] Undefined index: login_verify D:\workfile\qhbtc\Runtime\Cache\Home\c174f951eb1aad684079716e2cf8bd28.php 第 754 行.
INFO: Run Behavior\ParseTemplateBehavior [ RunTime:0.016001s ]
INFO: [ view_parse ] --END-- [ RunTime:0.016001s ]
INFO: [ view_filter ] --START--
INFO: Run Behavior\WriteHtmlCacheBehavior [ RunTime:0.000000s ]
INFO: [ view_filter ] --END-- [ RunTime:0.000000s ]
INFO: [ app_end ] --START--
INFO: Run Behavior\ShowPageTraceBehavior [ RunTime:0.000000s ]
INFO: [ app_end ] --END-- [ RunTime:0.000000s ]

[ 2017-03-06T18:16:29+08:00 ] 127.0.0.1 /Ajax/getJsonMenu?t=0.8916494349320598
INFO: [ app_init ] --START--
INFO: Run Behavior\BuildLiteBehavior [ RunTime:0.000000s ]
INFO: [ app_init ] --END-- [ RunTime:0.002000s ]
INFO: [ app_begin ] --START--
INFO: Run Behavior\ReadHtmlCacheBehavior [ RunTime:0.000000s ]
INFO: [ app_begin ] --END-- [ RunTime:0.000000s ]
SQL: SHOW COLUMNS FROM `movesay_user` [ RunTime:0.0020s ]
SQL: SELECT * FROM `movesay_user` WHERE ( id = 9 ) LIMIT 1   [ RunTime:0.0010s ]
SQL: SHOW COLUMNS FROM `movesay_user_coin` [ RunTime:0.0020s ]
SQL: SELECT * FROM `movesay_user_coin` WHERE `userid` = 9 LIMIT 1   [ RunTime:0.0000s ]
SQL: SHOW COLUMNS FROM `movesay_config` [ RunTime:0.0030s ]
SQL: SELECT * FROM `movesay_config` WHERE `id` = 1 LIMIT 1   [ RunTime:0.0010s ]
NOTIC: [8] Undefined index: qijianke D:\workfile\qhbtc\Application\Home\Controller\HomeController.class.php 第 49 行.
SQL: SHOW COLUMNS FROM `movesay_coin` [ RunTime:0.0080s ]
SQL: SELECT * FROM `movesay_coin` WHERE `status` = 1  [ RunTime:0.0000s ]
SQL: SHOW COLUMNS FROM `movesay_market` [ RunTime:0.0020s ]
SQL: SELECT * FROM `movesay_market` WHERE `status` = 1  [ RunTime:0.0000s ]
SQL: SHOW COLUMNS FROM `movesay_daohang` [ RunTime:0.0030s ]
SQL: SELECT * FROM `movesay_daohang` WHERE `status` = 1 ORDER BY sort asc  [ RunTime:0.0000s ]
SQL: SHOW COLUMNS FROM `movesay_article_type` [ RunTime:0.0020s ]
SQL: SELECT * FROM `movesay_article_type` WHERE `status` = 1 AND `footer` = 1 AND `shang` = '' ORDER BY sort asc ,id desc LIMIT 3   [ RunTime:0.0010s ]
SQL: SELECT * FROM `movesay_article_type` WHERE `footer` = 1 AND `status` = 1 ORDER BY id asc LIMIT 4   [ RunTime:0.0010s ]
SQL: SELECT * FROM `movesay_article_type` WHERE `footer` = 1 AND `status` = 1 ORDER BY id asc LIMIT 4   [ RunTime:0.0010s ]
SQL: SELECT * FROM `movesay_article_type` WHERE `footer` = 1 AND `status` = 1 ORDER BY id asc LIMIT 4   [ RunTime:0.0010s ]

[ 2017-03-06T18:16:29+08:00 ] 127.0.0.1 /finance/myzc.html
INFO: [ app_init ] --START--
INFO: Run Behavior\BuildLiteBehavior [ RunTime:0.000000s ]
INFO: [ app_init ] --END-- [ RunTime:0.002000s ]
INFO: [ app_begin ] --START--
INFO: Run Behavior\ReadHtmlCacheBehavior [ RunTime:0.000000s ]
INFO: [ app_begin ] --END-- [ RunTime:0.000000s ]
SQL: SHOW COLUMNS FROM `movesay_user` [ RunTime:0.0020s ]
SQL: SELECT * FROM `movesay_user` WHERE ( id = 9 ) LIMIT 1   [ RunTime:0.0000s ]
SQL: SHOW COLUMNS FROM `movesay_user_coin` [ RunTime:0.0020s ]
SQL: SELECT * FROM `movesay_user_coin` WHERE `userid` = 9 LIMIT 1   [ RunTime:0.0000s ]
SQL: SHOW COLUMNS FROM `movesay_config` [ RunTime:0.0020s ]
SQL: SELECT * FROM `movesay_config` WHERE `id` = 1 LIMIT 1   [ RunTime:0.0010s ]
NOTIC: [8] Undefined index: qijianke D:\workfile\qhbtc\Application\Home\Controller\HomeController.class.php 第 49 行.
SQL: SHOW COLUMNS FROM `movesay_coin` [ RunTime:0.0020s ]
SQL: SELECT * FROM `movesay_coin` WHERE `status` = 1  [ RunTime:0.0010s ]
SQL: SHOW COLUMNS FROM `movesay_market` [ RunTime:0.0020s ]
SQL: SELECT * FROM `movesay_market` WHERE `status` = 1  [ RunTime:0.0000s ]
SQL: SHOW COLUMNS FROM `movesay_daohang` [ RunTime:0.0010s ]
SQL: SELECT * FROM `movesay_daohang` WHERE `status` = 1 ORDER BY sort asc  [ RunTime:0.0000s ]
SQL: SHOW COLUMNS FROM `movesay_article_type` [ RunTime:0.0020s ]
SQL: SELECT * FROM `movesay_article_type` WHERE `status` = 1 AND `footer` = 1 AND `shang` = '' ORDER BY sort asc ,id desc LIMIT 3   [ RunTime:0.0000s ]
SQL: SELECT * FROM `movesay_article_type` WHERE `footer` = 1 AND `status` = 1 ORDER BY id asc LIMIT 4   [ RunTime:0.0010s ]
SQL: SELECT * FROM `movesay_article_type` WHERE `footer` = 1 AND `status` = 1 ORDER BY id asc LIMIT 4   [ RunTime:0.0000s ]
SQL: SELECT * FROM `movesay_article_type` WHERE `footer` = 1 AND `status` = 1 ORDER BY id asc LIMIT 4   [ RunTime:0.0000s ]
SQL: SHOW COLUMNS FROM `movesay_text` [ RunTime:0.0020s ]
SQL: SHOW COLUMNS FROM `movesay_text` [ RunTime:0.0010s ]
SQL: SELECT * FROM `movesay_text` WHERE `name` = 'finance_myzc' LIMIT 1   [ RunTime:0.0010s ]
SQL: SELECT `content` FROM `movesay_text` WHERE `name` = 'finance_myzc' AND `status` = 1 LIMIT 1   [ RunTime:0.0000s ]
NOTIC: [8] Undefined index:  D:\workfile\qhbtc\Application\Home\Controller\FinanceController.class.php 第 520 行.
SQL: SELECT * FROM `movesay_coin` WHERE `status` = 1 AND `name` <> 'cny'  [ RunTime:0.0010s ]
SQL: SELECT * FROM `movesay_user_coin` WHERE `userid` = 9 LIMIT 1   [ RunTime:0.0000s ]
SQL: SHOW COLUMNS FROM `movesay_user_qianbao` [ RunTime:0.0020s ]
SQL: SELECT * FROM `movesay_user_qianbao` WHERE `userid` = 9 AND `status` = 1 AND `coinname` = 'btc' ORDER BY id desc  [ RunTime:0.0000s ]
SQL: SHOW COLUMNS FROM `movesay_user` [ RunTime:0.0020s ]
SQL: SELECT `moble` FROM `movesay_user` WHERE `id` = 9 LIMIT 1   [ RunTime:0.0010s ]
SQL: SHOW COLUMNS FROM `movesay_myzc` [ RunTime:0.0020s ]
SQL: SELECT COUNT(*) AS tp_count FROM `movesay_myzc` WHERE `userid` = 9 AND `coinname` = 'btc' LIMIT 1   [ RunTime:0.0000s ]
SQL: SELECT * FROM `movesay_myzc` WHERE `userid` = 9 AND `coinname` = 'btc' ORDER BY id desc LIMIT 0,10   [ RunTime:0.0000s ]
INFO: [ view_parse ] --START--
INFO: [ template_filter ] --START--
INFO: Run Behavior\ContentReplaceBehavior [ RunTime:0.000000s ]
INFO: [ template_filter ] --END-- [ RunTime:0.001000s ]
NOTIC: [8] Undefined index: login_verify D:\workfile\qhbtc\Runtime\Cache\Home\c174f951eb1aad684079716e2cf8bd28.php 第 754 行.
INFO: Run Behavior\ParseTemplateBehavior [ RunTime:0.016001s ]
INFO: [ view_parse ] --END-- [ RunTime:0.016001s ]
INFO: [ view_filter ] --START--
INFO: Run Behavior\WriteHtmlCacheBehavior [ RunTime:0.000000s ]
INFO: [ view_filter ] --END-- [ RunTime:0.000000s ]
INFO: [ app_end ] --START--
INFO: Run Behavior\ShowPageTraceBehavior [ RunTime:0.001000s ]
INFO: [ app_end ] --END-- [ RunTime:0.001000s ]

[ 2017-03-06T18:16:29+08:00 ] 127.0.0.1 /Ajax/getJsonMenu?t=0.09515843697970272
INFO: [ app_init ] --START--
INFO: Run Behavior\BuildLiteBehavior [ RunTime:0.000000s ]
INFO: [ app_init ] --END-- [ RunTime:0.003000s ]
INFO: [ app_begin ] --START--
INFO: Run Behavior\ReadHtmlCacheBehavior [ RunTime:0.001000s ]
INFO: [ app_begin ] --END-- [ RunTime:0.001000s ]
SQL: SHOW COLUMNS FROM `movesay_user` [ RunTime:0.0020s ]
SQL: SELECT * FROM `movesay_user` WHERE ( id = 9 ) LIMIT 1   [ RunTime:0.0000s ]
SQL: SHOW COLUMNS FROM `movesay_user_coin` [ RunTime:0.0020s ]
SQL: SELECT * FROM `movesay_user_coin` WHERE `userid` = 9 LIMIT 1   [ RunTime:0.0000s ]
SQL: SHOW COLUMNS FROM `movesay_config` [ RunTime:0.0020s ]
SQL: SELECT * FROM `movesay_config` WHERE `id` = 1 LIMIT 1   [ RunTime:0.0000s ]
NOTIC: [8] Undefined index: qijianke D:\workfile\qhbtc\Application\Home\Controller\HomeController.class.php 第 49 行.
SQL: SHOW COLUMNS FROM `movesay_coin` [ RunTime:0.0040s ]
SQL: SELECT * FROM `movesay_coin` WHERE `status` = 1  [ RunTime:0.0010s ]
SQL: SHOW COLUMNS FROM `movesay_market` [ RunTime:0.0030s ]
SQL: SELECT * FROM `movesay_market` WHERE `status` = 1  [ RunTime:0.0010s ]
SQL: SHOW COLUMNS FROM `movesay_daohang` [ RunTime:0.0020s ]
SQL: SELECT * FROM `movesay_daohang` WHERE `status` = 1 ORDER BY sort asc  [ RunTime:0.0010s ]
SQL: SHOW COLUMNS FROM `movesay_article_type` [ RunTime:0.0020s ]
SQL: SELECT * FROM `movesay_article_type` WHERE `status` = 1 AND `footer` = 1 AND `shang` = '' ORDER BY sort asc ,id desc LIMIT 3   [ RunTime:0.0000s ]
SQL: SELECT * FROM `movesay_article_type` WHERE `footer` = 1 AND `status` = 1 ORDER BY id asc LIMIT 4   [ RunTime:0.0000s ]
SQL: SELECT * FROM `movesay_article_type` WHERE `footer` = 1 AND `status` = 1 ORDER BY id asc LIMIT 4   [ RunTime:0.0000s ]
SQL: SELECT * FROM `movesay_article_type` WHERE `footer` = 1 AND `status` = 1 ORDER BY id asc LIMIT 4   [ RunTime:0.0000s ]

[ 2017-03-06T18:16:30+08:00 ] 127.0.0.1 /Ajax/allfinance?t=0.17006108791883912
INFO: [ app_init ] --START--
INFO: Run Behavior\BuildLiteBehavior [ RunTime:0.000000s ]
INFO: [ app_init ] --END-- [ RunTime:0.002001s ]
INFO: [ app_begin ] --START--
INFO: Run Behavior\ReadHtmlCacheBehavior [ RunTime:0.000000s ]
INFO: [ app_begin ] --END-- [ RunTime:0.001000s ]
SQL: SHOW COLUMNS FROM `movesay_user` [ RunTime:0.0020s ]
SQL: SELECT * FROM `movesay_user` WHERE ( id = 9 ) LIMIT 1   [ RunTime:0.0000s ]
SQL: SHOW COLUMNS FROM `movesay_user_coin` [ RunTime:0.0020s ]
SQL: SELECT * FROM `movesay_user_coin` WHERE `userid` = 9 LIMIT 1   [ RunTime:0.0000s ]
SQL: SHOW COLUMNS FROM `movesay_config` [ RunTime:0.0030s ]
SQL: SELECT * FROM `movesay_config` WHERE `id` = 1 LIMIT 1   [ RunTime:0.0000s ]
NOTIC: [8] Undefined index: qijianke D:\workfile\qhbtc\Application\Home\Controller\HomeController.class.php 第 49 行.
SQL: SHOW COLUMNS FROM `movesay_coin` [ RunTime:0.0030s ]
SQL: SELECT * FROM `movesay_coin` WHERE `status` = 1  [ RunTime:0.0010s ]
SQL: SHOW COLUMNS FROM `movesay_market` [ RunTime:0.0030s ]
SQL: SELECT * FROM `movesay_market` WHERE `status` = 1  [ RunTime:0.0000s ]
SQL: SHOW COLUMNS FROM `movesay_daohang` [ RunTime:0.0020s ]
SQL: SELECT * FROM `movesay_daohang` WHERE `status` = 1 ORDER BY sort asc  [ RunTime:0.0000s ]
SQL: SHOW COLUMNS FROM `movesay_article_type` [ RunTime:0.0020s ]
SQL: SELECT * FROM `movesay_article_type` WHERE `status` = 1 AND `footer` = 1 AND `shang` = '' ORDER BY sort asc ,id desc LIMIT 3   [ RunTime:0.0000s ]
SQL: SELECT * FROM `movesay_article_type` WHERE `footer` = 1 AND `status` = 1 ORDER BY id asc LIMIT 4   [ RunTime:0.0000s ]
SQL: SELECT * FROM `movesay_article_type` WHERE `footer` = 1 AND `status` = 1 ORDER BY id asc LIMIT 4   [ RunTime:0.0000s ]
SQL: SELECT * FROM `movesay_article_type` WHERE `footer` = 1 AND `status` = 1 ORDER BY id asc LIMIT 4   [ RunTime:0.0010s ]
SQL: SELECT * FROM `movesay_user_coin` WHERE `userid` = 9 LIMIT 1   [ RunTime:0.0010s ]

[ 2017-03-06T18:16:30+08:00 ] 127.0.0.1 /Ajax/allfinance?t=0.40882987842813145
INFO: [ app_init ] --START--
INFO: Run Behavior\BuildLiteBehavior [ RunTime:0.000000s ]
INFO: [ app_init ] --END-- [ RunTime:0.005000s ]
INFO: [ app_begin ] --START--
INFO: Run Behavior\ReadHtmlCacheBehavior [ RunTime:0.001000s ]
INFO: [ app_begin ] --END-- [ RunTime:0.001000s ]
SQL: SHOW COLUMNS FROM `movesay_user` [ RunTime:0.0020s ]
SQL: SELECT * FROM `movesay_user` WHERE ( id = 9 ) LIMIT 1   [ RunTime:0.0000s ]
SQL: SHOW COLUMNS FROM `movesay_user_coin` [ RunTime:0.0030s ]
SQL: SELECT * FROM `movesay_user_coin` WHERE `userid` = 9 LIMIT 1   [ RunTime:0.0000s ]
SQL: SHOW COLUMNS FROM `movesay_config` [ RunTime:0.0030s ]
SQL: SELECT * FROM `movesay_config` WHERE `id` = 1 LIMIT 1   [ RunTime:0.0010s ]
NOTIC: [8] Undefined index: qijianke D:\workfile\qhbtc\Application\Home\Controller\HomeController.class.php 第 49 行.
SQL: SHOW COLUMNS FROM `movesay_coin` [ RunTime:0.0030s ]
SQL: SELECT * FROM `movesay_coin` WHERE `status` = 1  [ RunTime:0.0010s ]
SQL: SHOW COLUMNS FROM `movesay_market` [ RunTime:0.0030s ]
SQL: SELECT * FROM `movesay_market` WHERE `status` = 1  [ RunTime:0.0000s ]
SQL: SHOW COLUMNS FROM `movesay_daohang` [ RunTime:0.0030s ]
SQL: SELECT * FROM `movesay_daohang` WHERE `status` = 1 ORDER BY sort asc  [ RunTime:0.0000s ]
SQL: SHOW COLUMNS FROM `movesay_article_type` [ RunTime:0.0020s ]
SQL: SELECT * FROM `movesay_article_type` WHERE `status` = 1 AND `footer` = 1 AND `shang` = '' ORDER BY sort asc ,id desc LIMIT 3   [ RunTime:0.0000s ]
SQL: SELECT * FROM `movesay_article_type` WHERE `footer` = 1 AND `status` = 1 ORDER BY id asc LIMIT 4   [ RunTime:0.0000s ]
SQL: SELECT * FROM `movesay_article_type` WHERE `footer` = 1 AND `status` = 1 ORDER BY id asc LIMIT 4   [ RunTime:0.0010s ]
SQL: SELECT * FROM `movesay_article_type` WHERE `footer` = 1 AND `status` = 1 ORDER BY id asc LIMIT 4   [ RunTime:0.0000s ]
SQL: SELECT * FROM `movesay_user_coin` WHERE `userid` = 9 LIMIT 1   [ RunTime:0.0000s ]

[ 2017-03-06T18:17:00+08:00 ] 127.0.0.1 /Finance/myzc/coin/ltc.html
INFO: [ app_init ] --START--
INFO: Run Behavior\BuildLiteBehavior [ RunTime:0.000000s ]
INFO: [ app_init ] --END-- [ RunTime:0.004000s ]
INFO: [ app_begin ] --START--
INFO: Run Behavior\ReadHtmlCacheBehavior [ RunTime:0.001000s ]
INFO: [ app_begin ] --END-- [ RunTime:0.001000s ]
SQL: SHOW COLUMNS FROM `movesay_user` [ RunTime:0.0020s ]
SQL: SELECT * FROM `movesay_user` WHERE ( id = 9 ) LIMIT 1   [ RunTime:0.0000s ]
SQL: SHOW COLUMNS FROM `movesay_user_coin` [ RunTime:0.0020s ]
SQL: SELECT * FROM `movesay_user_coin` WHERE `userid` = 9 LIMIT 1   [ RunTime:0.0000s ]
SQL: SHOW COLUMNS FROM `movesay_config` [ RunTime:0.0010s ]
SQL: SELECT * FROM `movesay_config` WHERE `id` = 1 LIMIT 1   [ RunTime:0.0000s ]
NOTIC: [8] Undefined index: qijianke D:\workfile\qhbtc\Application\Home\Controller\HomeController.class.php 第 49 行.
SQL: SHOW COLUMNS FROM `movesay_coin` [ RunTime:0.0010s ]
SQL: SELECT * FROM `movesay_coin` WHERE `status` = 1  [ RunTime:0.0000s ]
SQL: SHOW COLUMNS FROM `movesay_market` [ RunTime:0.0020s ]
SQL: SELECT * FROM `movesay_market` WHERE `status` = 1  [ RunTime:0.0010s ]
SQL: SHOW COLUMNS FROM `movesay_daohang` [ RunTime:0.0020s ]
SQL: SELECT * FROM `movesay_daohang` WHERE `status` = 1 ORDER BY sort asc  [ RunTime:0.0000s ]
SQL: SHOW COLUMNS FROM `movesay_article_type` [ RunTime:0.0020s ]
SQL: SELECT * FROM `movesay_article_type` WHERE `status` = 1 AND `footer` = 1 AND `shang` = '' ORDER BY sort asc ,id desc LIMIT 3   [ RunTime:0.0000s ]
SQL: SELECT * FROM `movesay_article_type` WHERE `footer` = 1 AND `status` = 1 ORDER BY id asc LIMIT 4   [ RunTime:0.0000s ]
SQL: SELECT * FROM `movesay_article_type` WHERE `footer` = 1 AND `status` = 1 ORDER BY id asc LIMIT 4   [ RunTime:0.0000s ]
SQL: SELECT * FROM `movesay_article_type` WHERE `footer` = 1 AND `status` = 1 ORDER BY id asc LIMIT 4   [ RunTime:0.0000s ]
SQL: SHOW COLUMNS FROM `movesay_text` [ RunTime:0.0020s ]
SQL: SHOW COLUMNS FROM `movesay_text` [ RunTime:0.0010s ]
SQL: SELECT * FROM `movesay_text` WHERE `name` = 'finance_myzc' LIMIT 1   [ RunTime:0.0000s ]
SQL: SELECT `content` FROM `movesay_text` WHERE `name` = 'finance_myzc' AND `status` = 1 LIMIT 1   [ RunTime:0.0000s ]
SQL: SELECT * FROM `movesay_coin` WHERE `status` = 1 AND `name` <> 'cny'  [ RunTime:0.0000s ]
SQL: SELECT * FROM `movesay_user_coin` WHERE `userid` = 9 LIMIT 1   [ RunTime:0.0000s ]
SQL: SHOW COLUMNS FROM `movesay_user_qianbao` [ RunTime:0.0010s ]
SQL: SELECT * FROM `movesay_user_qianbao` WHERE `userid` = 9 AND `status` = 1 AND `coinname` = 'ltc' ORDER BY id desc  [ RunTime:0.0010s ]
SQL: SHOW COLUMNS FROM `movesay_user` [ RunTime:0.0010s ]
SQL: SELECT `moble` FROM `movesay_user` WHERE `id` = 9 LIMIT 1   [ RunTime:0.0010s ]
SQL: SHOW COLUMNS FROM `movesay_myzc` [ RunTime:0.0010s ]
SQL: SELECT COUNT(*) AS tp_count FROM `movesay_myzc` WHERE `userid` = 9 AND `coinname` = 'ltc' LIMIT 1   [ RunTime:0.0000s ]
SQL: SELECT * FROM `movesay_myzc` WHERE `userid` = 9 AND `coinname` = 'ltc' ORDER BY id desc LIMIT 0,10   [ RunTime:0.0000s ]
INFO: [ view_parse ] --START--
INFO: [ template_filter ] --START--
INFO: Run Behavior\ContentReplaceBehavior [ RunTime:0.000000s ]
INFO: [ template_filter ] --END-- [ RunTime:0.000000s ]
NOTIC: [8] Undefined index: login_verify D:\workfile\qhbtc\Runtime\Cache\Home\c174f951eb1aad684079716e2cf8bd28.php 第 754 行.
INFO: Run Behavior\ParseTemplateBehavior [ RunTime:0.015001s ]
INFO: [ view_parse ] --END-- [ RunTime:0.015001s ]
INFO: [ view_filter ] --START--
INFO: Run Behavior\WriteHtmlCacheBehavior [ RunTime:0.000000s ]
INFO: [ view_filter ] --END-- [ RunTime:0.000000s ]
INFO: [ app_end ] --START--
INFO: Run Behavior\ShowPageTraceBehavior [ RunTime:0.001000s ]
INFO: [ app_end ] --END-- [ RunTime:0.001000s ]

[ 2017-03-06T18:17:00+08:00 ] 127.0.0.1 /Ajax/getJsonMenu?t=0.9152654748336009
INFO: [ app_init ] --START--
INFO: Run Behavior\BuildLiteBehavior [ RunTime:0.000000s ]
INFO: [ app_init ] --END-- [ RunTime:0.002000s ]
INFO: [ app_begin ] --START--
INFO: Run Behavior\ReadHtmlCacheBehavior [ RunTime:0.000000s ]
INFO: [ app_begin ] --END-- [ RunTime:0.000000s ]
SQL: SHOW COLUMNS FROM `movesay_user` [ RunTime:0.0030s ]
SQL: SELECT * FROM `movesay_user` WHERE ( id = 9 ) LIMIT 1   [ RunTime:0.0000s ]
SQL: SHOW COLUMNS FROM `movesay_user_coin` [ RunTime:0.0020s ]
SQL: SELECT * FROM `movesay_user_coin` WHERE `userid` = 9 LIMIT 1   [ RunTime:0.0000s ]
SQL: SHOW COLUMNS FROM `movesay_config` [ RunTime:0.0030s ]
SQL: SELECT * FROM `movesay_config` WHERE `id` = 1 LIMIT 1   [ RunTime:0.0010s ]
NOTIC: [8] Undefined index: qijianke D:\workfile\qhbtc\Application\Home\Controller\HomeController.class.php 第 49 行.
SQL: SHOW COLUMNS FROM `movesay_coin` [ RunTime:0.0020s ]
SQL: SELECT * FROM `movesay_coin` WHERE `status` = 1  [ RunTime:0.0000s ]
SQL: SHOW COLUMNS FROM `movesay_market` [ RunTime:0.0020s ]
SQL: SELECT * FROM `movesay_market` WHERE `status` = 1  [ RunTime:0.0000s ]
SQL: SHOW COLUMNS FROM `movesay_daohang` [ RunTime:0.0020s ]
SQL: SELECT * FROM `movesay_daohang` WHERE `status` = 1 ORDER BY sort asc  [ RunTime:0.0000s ]
SQL: SHOW COLUMNS FROM `movesay_article_type` [ RunTime:0.0030s ]
SQL: SELECT * FROM `movesay_article_type` WHERE `status` = 1 AND `footer` = 1 AND `shang` = '' ORDER BY sort asc ,id desc LIMIT 3   [ RunTime:0.0000s ]
SQL: SELECT * FROM `movesay_article_type` WHERE `footer` = 1 AND `status` = 1 ORDER BY id asc LIMIT 4   [ RunTime:0.0000s ]
SQL: SELECT * FROM `movesay_article_type` WHERE `footer` = 1 AND `status` = 1 ORDER BY id asc LIMIT 4   [ RunTime:0.0000s ]
SQL: SELECT * FROM `movesay_article_type` WHERE `footer` = 1 AND `status` = 1 ORDER BY id asc LIMIT 4   [ RunTime:0.0000s ]

[ 2017-03-06T18:17:01+08:00 ] 127.0.0.1 /Ajax/allfinance?t=0.7903865035432702
INFO: [ app_init ] --START--
INFO: Run Behavior\BuildLiteBehavior [ RunTime:0.000000s ]
INFO: [ app_init ] --END-- [ RunTime:0.006001s ]
INFO: [ app_begin ] --START--
INFO: Run Behavior\ReadHtmlCacheBehavior [ RunTime:0.001000s ]
INFO: [ app_begin ] --END-- [ RunTime:0.001000s ]
SQL: SHOW COLUMNS FROM `movesay_user` [ RunTime:0.0030s ]
SQL: SELECT * FROM `movesay_user` WHERE ( id = 9 ) LIMIT 1   [ RunTime:0.0000s ]
SQL: SHOW COLUMNS FROM `movesay_user_coin` [ RunTime:0.0030s ]
SQL: SELECT * FROM `movesay_user_coin` WHERE `userid` = 9 LIMIT 1   [ RunTime:0.0010s ]
SQL: SHOW COLUMNS FROM `movesay_config` [ RunTime:0.0030s ]
SQL: SELECT * FROM `movesay_config` WHERE `id` = 1 LIMIT 1   [ RunTime:0.0010s ]
NOTIC: [8] Undefined index: qijianke D:\workfile\qhbtc\Application\Home\Controller\HomeController.class.php 第 49 行.
SQL: SHOW COLUMNS FROM `movesay_coin` [ RunTime:0.0020s ]
SQL: SELECT * FROM `movesay_coin` WHERE `status` = 1  [ RunTime:0.0000s ]
SQL: SHOW COLUMNS FROM `movesay_market` [ RunTime:0.0020s ]
SQL: SELECT * FROM `movesay_market` WHERE `status` = 1  [ RunTime:0.0000s ]
SQL: SHOW COLUMNS FROM `movesay_daohang` [ RunTime:0.0030s ]
SQL: SELECT * FROM `movesay_daohang` WHERE `status` = 1 ORDER BY sort asc  [ RunTime:0.0000s ]
SQL: SHOW COLUMNS FROM `movesay_article_type` [ RunTime:0.0020s ]
SQL: SELECT * FROM `movesay_article_type` WHERE `status` = 1 AND `footer` = 1 AND `shang` = '' ORDER BY sort asc ,id desc LIMIT 3   [ RunTime:0.0010s ]
SQL: SELECT * FROM `movesay_article_type` WHERE `footer` = 1 AND `status` = 1 ORDER BY id asc LIMIT 4   [ RunTime:0.0000s ]
SQL: SELECT * FROM `movesay_article_type` WHERE `footer` = 1 AND `status` = 1 ORDER BY id asc LIMIT 4   [ RunTime:0.0000s ]
SQL: SELECT * FROM `movesay_article_type` WHERE `footer` = 1 AND `status` = 1 ORDER BY id asc LIMIT 4   [ RunTime:0.0000s ]
SQL: SELECT * FROM `movesay_user_coin` WHERE `userid` = 9 LIMIT 1   [ RunTime:0.0000s ]

[ 2017-03-06T18:38:02+08:00 ] 127.0.0.1 /Finance/myzc/coin/test.html
INFO: [ app_init ] --START--
INFO: Run Behavior\BuildLiteBehavior [ RunTime:0.000000s ]
INFO: [ app_init ] --END-- [ RunTime:0.003000s ]
INFO: [ app_begin ] --START--
INFO: Run Behavior\ReadHtmlCacheBehavior [ RunTime:0.001000s ]
INFO: [ app_begin ] --END-- [ RunTime:0.001000s ]
SQL: SHOW COLUMNS FROM `movesay_user` [ RunTime:0.0020s ]
SQL: SELECT * FROM `movesay_user` WHERE ( id = 9 ) LIMIT 1   [ RunTime:0.0000s ]
SQL: SHOW COLUMNS FROM `movesay_user_coin` [ RunTime:0.0020s ]
SQL: SELECT * FROM `movesay_user_coin` WHERE `userid` = 9 LIMIT 1   [ RunTime:0.0000s ]
SQL: SHOW COLUMNS FROM `movesay_config` [ RunTime:0.0030s ]
SQL: SELECT * FROM `movesay_config` WHERE `id` = 1 LIMIT 1   [ RunTime:0.0000s ]
NOTIC: [8] Undefined index: qijianke D:\workfile\qhbtc\Application\Home\Controller\HomeController.class.php 第 49 行.
SQL: SHOW COLUMNS FROM `movesay_coin` [ RunTime:0.0020s ]
SQL: SELECT * FROM `movesay_coin` WHERE `status` = 1  [ RunTime:0.0000s ]
SQL: SHOW COLUMNS FROM `movesay_market` [ RunTime:0.0020s ]
SQL: SELECT * FROM `movesay_market` WHERE `status` = 1  [ RunTime:0.0000s ]
SQL: SHOW COLUMNS FROM `movesay_daohang` [ RunTime:0.0020s ]
SQL: SELECT * FROM `movesay_daohang` WHERE `status` = 1 ORDER BY sort asc  [ RunTime:0.0000s ]
SQL: SHOW COLUMNS FROM `movesay_article_type` [ RunTime:0.0020s ]
SQL: SELECT * FROM `movesay_article_type` WHERE `status` = 1 AND `footer` = 1 AND `shang` = '' ORDER BY sort asc ,id desc LIMIT 3   [ RunTime:0.0000s ]
SQL: SELECT * FROM `movesay_article_type` WHERE `footer` = 1 AND `status` = 1 ORDER BY id asc LIMIT 4   [ RunTime:0.0000s ]
SQL: SELECT * FROM `movesay_article_type` WHERE `footer` = 1 AND `status` = 1 ORDER BY id asc LIMIT 4   [ RunTime:0.0000s ]
SQL: SELECT * FROM `movesay_article_type` WHERE `footer` = 1 AND `status` = 1 ORDER BY id asc LIMIT 4   [ RunTime:0.0010s ]
SQL: SHOW COLUMNS FROM `movesay_text` [ RunTime:0.0010s ]
SQL: SHOW COLUMNS FROM `movesay_text` [ RunTime:0.0020s ]
SQL: SELECT * FROM `movesay_text` WHERE `name` = 'finance_myzc' LIMIT 1   [ RunTime:0.0000s ]
SQL: SELECT `content` FROM `movesay_text` WHERE `name` = 'finance_myzc' AND `status` = 1 LIMIT 1   [ RunTime:0.0000s ]
SQL: SELECT * FROM `movesay_coin` WHERE `status` = 1 AND `name` <> 'cny'  [ RunTime:0.0000s ]
SQL: SELECT * FROM `movesay_user_coin` WHERE `userid` = 9 LIMIT 1   [ RunTime:0.0000s ]
SQL: SHOW COLUMNS FROM `movesay_user_qianbao` [ RunTime:0.0020s ]
SQL: SELECT * FROM `movesay_user_qianbao` WHERE `userid` = 9 AND `status` = 1 AND `coinname` = 'test' ORDER BY id desc  [ RunTime:0.0000s ]
SQL: SHOW COLUMNS FROM `movesay_user` [ RunTime:0.0020s ]
SQL: SELECT `moble` FROM `movesay_user` WHERE `id` = 9 LIMIT 1   [ RunTime:0.0000s ]
SQL: SHOW COLUMNS FROM `movesay_myzc` [ RunTime:0.0020s ]
SQL: SELECT COUNT(*) AS tp_count FROM `movesay_myzc` WHERE `userid` = 9 AND `coinname` = 'test' LIMIT 1   [ RunTime:0.0000s ]
SQL: SELECT * FROM `movesay_myzc` WHERE `userid` = 9 AND `coinname` = 'test' ORDER BY id desc LIMIT 0,10   [ RunTime:0.0000s ]
INFO: [ view_parse ] --START--
INFO: [ template_filter ] --START--
INFO: Run Behavior\ContentReplaceBehavior [ RunTime:0.001000s ]
INFO: [ template_filter ] --END-- [ RunTime:0.001000s ]
NOTIC: [8] Undefined index: login_verify D:\workfile\qhbtc\Runtime\Cache\Home\c174f951eb1aad684079716e2cf8bd28.php 第 754 行.
INFO: Run Behavior\ParseTemplateBehavior [ RunTime:0.017001s ]
INFO: [ view_parse ] --END-- [ RunTime:0.017001s ]
INFO: [ view_filter ] --START--
INFO: Run Behavior\WriteHtmlCacheBehavior [ RunTime:0.000000s ]
INFO: [ view_filter ] --END-- [ RunTime:0.000000s ]
INFO: [ app_end ] --START--
INFO: Run Behavior\ShowPageTraceBehavior [ RunTime:0.001000s ]
INFO: [ app_end ] --END-- [ RunTime:0.001000s ]

[ 2017-03-06T18:38:02+08:00 ] 127.0.0.1 /Ajax/getJsonMenu?t=0.7127335087986888
INFO: [ app_init ] --START--
INFO: Run Behavior\BuildLiteBehavior [ RunTime:0.000000s ]
INFO: [ app_init ] --END-- [ RunTime:0.002000s ]
INFO: [ app_begin ] --START--
INFO: Run Behavior\ReadHtmlCacheBehavior [ RunTime:0.001000s ]
INFO: [ app_begin ] --END-- [ RunTime:0.001000s ]
SQL: SHOW COLUMNS FROM `movesay_user` [ RunTime:0.0020s ]
SQL: SELECT * FROM `movesay_user` WHERE ( id = 9 ) LIMIT 1   [ RunTime:0.0010s ]
SQL: SHOW COLUMNS FROM `movesay_user_coin` [ RunTime:0.0020s ]
SQL: SELECT * FROM `movesay_user_coin` WHERE `userid` = 9 LIMIT 1   [ RunTime:0.0010s ]
SQL: SHOW COLUMNS FROM `movesay_config` [ RunTime:0.0030s ]
SQL: SELECT * FROM `movesay_config` WHERE `id` = 1 LIMIT 1   [ RunTime:0.0010s ]
NOTIC: [8] Undefined index: qijianke D:\workfile\qhbtc\Application\Home\Controller\HomeController.class.php 第 49 行.
SQL: SHOW COLUMNS FROM `movesay_coin` [ RunTime:0.0040s ]
SQL: SELECT * FROM `movesay_coin` WHERE `status` = 1  [ RunTime:0.0010s ]
SQL: SHOW COLUMNS FROM `movesay_market` [ RunTime:0.0030s ]
SQL: SELECT * FROM `movesay_market` WHERE `status` = 1  [ RunTime:0.0010s ]
SQL: SHOW COLUMNS FROM `movesay_daohang` [ RunTime:0.0030s ]
SQL: SELECT * FROM `movesay_daohang` WHERE `status` = 1 ORDER BY sort asc  [ RunTime:0.0010s ]
SQL: SHOW COLUMNS FROM `movesay_article_type` [ RunTime:0.0030s ]
SQL: SELECT * FROM `movesay_article_type` WHERE `status` = 1 AND `footer` = 1 AND `shang` = '' ORDER BY sort asc ,id desc LIMIT 3   [ RunTime:0.0010s ]
SQL: SELECT * FROM `movesay_article_type` WHERE `footer` = 1 AND `status` = 1 ORDER BY id asc LIMIT 4   [ RunTime:0.0000s ]
SQL: SELECT * FROM `movesay_article_type` WHERE `footer` = 1 AND `status` = 1 ORDER BY id asc LIMIT 4   [ RunTime:0.0000s ]
SQL: SELECT * FROM `movesay_article_type` WHERE `footer` = 1 AND `status` = 1 ORDER BY id asc LIMIT 4   [ RunTime:0.0010s ]

[ 2017-03-06T18:38:03+08:00 ] 127.0.0.1 /Ajax/allfinance?t=0.899117465130175
INFO: [ app_init ] --START--
INFO: Run Behavior\BuildLiteBehavior [ RunTime:0.000000s ]
INFO: [ app_init ] --END-- [ RunTime:0.008001s ]
INFO: [ app_begin ] --START--
INFO: Run Behavior\ReadHtmlCacheBehavior [ RunTime:0.001000s ]
INFO: [ app_begin ] --END-- [ RunTime:0.001000s ]
SQL: SHOW COLUMNS FROM `movesay_user` [ RunTime:0.0020s ]
SQL: SELECT * FROM `movesay_user` WHERE ( id = 9 ) LIMIT 1   [ RunTime:0.0000s ]
SQL: SHOW COLUMNS FROM `movesay_user_coin` [ RunTime:0.0020s ]
SQL: SELECT * FROM `movesay_user_coin` WHERE `userid` = 9 LIMIT 1   [ RunTime:0.0000s ]
SQL: SHOW COLUMNS FROM `movesay_config` [ RunTime:0.0020s ]
SQL: SELECT * FROM `movesay_config` WHERE `id` = 1 LIMIT 1   [ RunTime:0.0000s ]
NOTIC: [8] Undefined index: qijianke D:\workfile\qhbtc\Application\Home\Controller\HomeController.class.php 第 49 行.
SQL: SHOW COLUMNS FROM `movesay_coin` [ RunTime:0.0020s ]
SQL: SELECT * FROM `movesay_coin` WHERE `status` = 1  [ RunTime:0.0000s ]
SQL: SHOW COLUMNS FROM `movesay_market` [ RunTime:0.0020s ]
SQL: SELECT * FROM `movesay_market` WHERE `status` = 1  [ RunTime:0.0010s ]
SQL: SHOW COLUMNS FROM `movesay_daohang` [ RunTime:0.0020s ]
SQL: SELECT * FROM `movesay_daohang` WHERE `status` = 1 ORDER BY sort asc  [ RunTime:0.0000s ]
SQL: SHOW COLUMNS FROM `movesay_article_type` [ RunTime:0.0030s ]
SQL: SELECT * FROM `movesay_article_type` WHERE `status` = 1 AND `footer` = 1 AND `shang` = '' ORDER BY sort asc ,id desc LIMIT 3   [ RunTime:0.0010s ]
SQL: SELECT * FROM `movesay_article_type` WHERE `footer` = 1 AND `status` = 1 ORDER BY id asc LIMIT 4   [ RunTime:0.0000s ]
SQL: SELECT * FROM `movesay_article_type` WHERE `footer` = 1 AND `status` = 1 ORDER BY id asc LIMIT 4   [ RunTime:0.0000s ]
SQL: SELECT * FROM `movesay_article_type` WHERE `footer` = 1 AND `status` = 1 ORDER BY id asc LIMIT 4   [ RunTime:0.0000s ]
SQL: SELECT * FROM `movesay_user_coin` WHERE `userid` = 9 LIMIT 1   [ RunTime:0.0000s ]

[ 2017-03-06T18:38:03+08:00 ] 127.0.0.1 /Finance/myzc/coin/avc.html
INFO: [ app_init ] --START--
INFO: Run Behavior\BuildLiteBehavior [ RunTime:0.000000s ]
INFO: [ app_init ] --END-- [ RunTime:0.003000s ]
INFO: [ app_begin ] --START--
INFO: Run Behavior\ReadHtmlCacheBehavior [ RunTime:0.001000s ]
INFO: [ app_begin ] --END-- [ RunTime:0.001000s ]
SQL: SHOW COLUMNS FROM `movesay_user` [ RunTime:0.0020s ]
SQL: SELECT * FROM `movesay_user` WHERE ( id = 9 ) LIMIT 1   [ RunTime:0.0000s ]
SQL: SHOW COLUMNS FROM `movesay_user_coin` [ RunTime:0.0020s ]
SQL: SELECT * FROM `movesay_user_coin` WHERE `userid` = 9 LIMIT 1   [ RunTime:0.0000s ]
SQL: SHOW COLUMNS FROM `movesay_config` [ RunTime:0.0030s ]
SQL: SELECT * FROM `movesay_config` WHERE `id` = 1 LIMIT 1   [ RunTime:0.0000s ]
NOTIC: [8] Undefined index: qijianke D:\workfile\qhbtc\Application\Home\Controller\HomeController.class.php 第 49 行.
SQL: SHOW COLUMNS FROM `movesay_coin` [ RunTime:0.0020s ]
SQL: SELECT * FROM `movesay_coin` WHERE `status` = 1  [ RunTime:0.0010s ]
SQL: SHOW COLUMNS FROM `movesay_market` [ RunTime:0.0020s ]
SQL: SELECT * FROM `movesay_market` WHERE `status` = 1  [ RunTime:0.0010s ]
SQL: SHOW COLUMNS FROM `movesay_daohang` [ RunTime:0.0010s ]
SQL: SELECT * FROM `movesay_daohang` WHERE `status` = 1 ORDER BY sort asc  [ RunTime:0.0010s ]
SQL: SHOW COLUMNS FROM `movesay_article_type` [ RunTime:0.0020s ]
SQL: SELECT * FROM `movesay_article_type` WHERE `status` = 1 AND `footer` = 1 AND `shang` = '' ORDER BY sort asc ,id desc LIMIT 3   [ RunTime:0.0000s ]
SQL: SELECT * FROM `movesay_article_type` WHERE `footer` = 1 AND `status` = 1 ORDER BY id asc LIMIT 4   [ RunTime:0.0000s ]
SQL: SELECT * FROM `movesay_article_type` WHERE `footer` = 1 AND `status` = 1 ORDER BY id asc LIMIT 4   [ RunTime:0.0000s ]
SQL: SELECT * FROM `movesay_article_type` WHERE `footer` = 1 AND `status` = 1 ORDER BY id asc LIMIT 4   [ RunTime:0.0000s ]
SQL: SHOW COLUMNS FROM `movesay_text` [ RunTime:0.0010s ]
SQL: SHOW COLUMNS FROM `movesay_text` [ RunTime:0.0020s ]
SQL: SELECT * FROM `movesay_text` WHERE `name` = 'finance_myzc' LIMIT 1   [ RunTime:0.0000s ]
SQL: SELECT `content` FROM `movesay_text` WHERE `name` = 'finance_myzc' AND `status` = 1 LIMIT 1   [ RunTime:0.0010s ]
SQL: SELECT * FROM `movesay_coin` WHERE `status` = 1 AND `name` <> 'cny'  [ RunTime:0.0000s ]
SQL: SELECT * FROM `movesay_user_coin` WHERE `userid` = 9 LIMIT 1   [ RunTime:0.0000s ]
SQL: SHOW COLUMNS FROM `movesay_user_qianbao` [ RunTime:0.0010s ]
SQL: SELECT * FROM `movesay_user_qianbao` WHERE `userid` = 9 AND `status` = 1 AND `coinname` = 'avc' ORDER BY id desc  [ RunTime:0.0000s ]
SQL: SHOW COLUMNS FROM `movesay_user` [ RunTime:0.0010s ]
SQL: SELECT `moble` FROM `movesay_user` WHERE `id` = 9 LIMIT 1   [ RunTime:0.0000s ]
SQL: SHOW COLUMNS FROM `movesay_myzc` [ RunTime:0.0010s ]
SQL: SELECT COUNT(*) AS tp_count FROM `movesay_myzc` WHERE `userid` = 9 AND `coinname` = 'avc' LIMIT 1   [ RunTime:0.0000s ]
NOTIC: [8] Use of undefined constant LANG_SET - assumed 'LANG_SET' D:\workfile\qhbtc\Application\Home\Common\Ext\PageExt.class.php 第 28 行.
SQL: SELECT * FROM `movesay_myzc` WHERE `userid` = 9 AND `coinname` = 'avc' ORDER BY id desc LIMIT 0,10   [ RunTime:0.0000s ]
INFO: [ view_parse ] --START--
INFO: [ template_filter ] --START--
INFO: Run Behavior\ContentReplaceBehavior [ RunTime:0.000000s ]
INFO: [ template_filter ] --END-- [ RunTime:0.000000s ]
NOTIC: [8] Undefined index: login_verify D:\workfile\qhbtc\Runtime\Cache\Home\c174f951eb1aad684079716e2cf8bd28.php 第 754 行.
INFO: Run Behavior\ParseTemplateBehavior [ RunTime:0.015001s ]
INFO: [ view_parse ] --END-- [ RunTime:0.015001s ]
INFO: [ view_filter ] --START--
INFO: Run Behavior\WriteHtmlCacheBehavior [ RunTime:0.001000s ]
INFO: [ view_filter ] --END-- [ RunTime:0.001000s ]
INFO: [ app_end ] --START--
INFO: Run Behavior\ShowPageTraceBehavior [ RunTime:0.000000s ]
INFO: [ app_end ] --END-- [ RunTime:0.000000s ]

[ 2017-03-06T18:38:03+08:00 ] 127.0.0.1 /Ajax/getJsonMenu?t=0.2804486204870884
INFO: [ app_init ] --START--
INFO: Run Behavior\BuildLiteBehavior [ RunTime:0.001000s ]
INFO: [ app_init ] --END-- [ RunTime:0.003000s ]
INFO: [ app_begin ] --START--
INFO: Run Behavior\ReadHtmlCacheBehavior [ RunTime:0.001000s ]
INFO: [ app_begin ] --END-- [ RunTime:0.001000s ]
SQL: SHOW COLUMNS FROM `movesay_user` [ RunTime:0.0020s ]
SQL: SELECT * FROM `movesay_user` WHERE ( id = 9 ) LIMIT 1   [ RunTime:0.0000s ]
SQL: SHOW COLUMNS FROM `movesay_user_coin` [ RunTime:0.0020s ]
SQL: SELECT * FROM `movesay_user_coin` WHERE `userid` = 9 LIMIT 1   [ RunTime:0.0000s ]
SQL: SHOW COLUMNS FROM `movesay_config` [ RunTime:0.0030s ]
SQL: SELECT * FROM `movesay_config` WHERE `id` = 1 LIMIT 1   [ RunTime:0.0010s ]
NOTIC: [8] Undefined index: qijianke D:\workfile\qhbtc\Application\Home\Controller\HomeController.class.php 第 49 行.
SQL: SHOW COLUMNS FROM `movesay_coin` [ RunTime:0.0040s ]
SQL: SELECT * FROM `movesay_coin` WHERE `status` = 1  [ RunTime:0.0010s ]
SQL: SHOW COLUMNS FROM `movesay_market` [ RunTime:0.0030s ]
SQL: SELECT * FROM `movesay_market` WHERE `status` = 1  [ RunTime:0.0020s ]
SQL: SHOW COLUMNS FROM `movesay_daohang` [ RunTime:0.0020s ]
SQL: SELECT * FROM `movesay_daohang` WHERE `status` = 1 ORDER BY sort asc  [ RunTime:0.0010s ]
SQL: SHOW COLUMNS FROM `movesay_article_type` [ RunTime:0.0030s ]
SQL: SELECT * FROM `movesay_article_type` WHERE `status` = 1 AND `footer` = 1 AND `shang` = '' ORDER BY sort asc ,id desc LIMIT 3   [ RunTime:0.0000s ]
SQL: SELECT * FROM `movesay_article_type` WHERE `footer` = 1 AND `status` = 1 ORDER BY id asc LIMIT 4   [ RunTime:0.0010s ]
SQL: SELECT * FROM `movesay_article_type` WHERE `footer` = 1 AND `status` = 1 ORDER BY id asc LIMIT 4   [ RunTime:0.0000s ]
SQL: SELECT * FROM `movesay_article_type` WHERE `footer` = 1 AND `status` = 1 ORDER BY id asc LIMIT 4   [ RunTime:0.0000s ]

[ 2017-03-06T18:38:04+08:00 ] 127.0.0.1 /Ajax/allfinance?t=0.37316526645838843
INFO: [ app_init ] --START--
INFO: Run Behavior\BuildLiteBehavior [ RunTime:0.000000s ]
INFO: [ app_init ] --END-- [ RunTime:0.005000s ]
INFO: [ app_begin ] --START--
INFO: Run Behavior\ReadHtmlCacheBehavior [ RunTime:0.000000s ]
INFO: [ app_begin ] --END-- [ RunTime:0.000000s ]
SQL: SHOW COLUMNS FROM `movesay_user` [ RunTime:0.0020s ]
SQL: SELECT * FROM `movesay_user` WHERE ( id = 9 ) LIMIT 1   [ RunTime:0.0000s ]
SQL: SHOW COLUMNS FROM `movesay_user_coin` [ RunTime:0.0030s ]
SQL: SELECT * FROM `movesay_user_coin` WHERE `userid` = 9 LIMIT 1   [ RunTime:0.0000s ]
SQL: SHOW COLUMNS FROM `movesay_config` [ RunTime:0.0030s ]
SQL: SELECT * FROM `movesay_config` WHERE `id` = 1 LIMIT 1   [ RunTime:0.0000s ]
NOTIC: [8] Undefined index: qijianke D:\workfile\qhbtc\Application\Home\Controller\HomeController.class.php 第 49 行.
SQL: SHOW COLUMNS FROM `movesay_coin` [ RunTime:0.0020s ]
SQL: SELECT * FROM `movesay_coin` WHERE `status` = 1  [ RunTime:0.0000s ]
SQL: SHOW COLUMNS FROM `movesay_market` [ RunTime:0.0010s ]
SQL: SELECT * FROM `movesay_market` WHERE `status` = 1  [ RunTime:0.0000s ]
SQL: SHOW COLUMNS FROM `movesay_daohang` [ RunTime:0.0020s ]
SQL: SELECT * FROM `movesay_daohang` WHERE `status` = 1 ORDER BY sort asc  [ RunTime:0.0000s ]
SQL: SHOW COLUMNS FROM `movesay_article_type` [ RunTime:0.0010s ]
SQL: SELECT * FROM `movesay_article_type` WHERE `status` = 1 AND `footer` = 1 AND `shang` = '' ORDER BY sort asc ,id desc LIMIT 3   [ RunTime:0.0010s ]
SQL: SELECT * FROM `movesay_article_type` WHERE `footer` = 1 AND `status` = 1 ORDER BY id asc LIMIT 4   [ RunTime:0.0000s ]
SQL: SELECT * FROM `movesay_article_type` WHERE `footer` = 1 AND `status` = 1 ORDER BY id asc LIMIT 4   [ RunTime:0.0010s ]
SQL: SELECT * FROM `movesay_article_type` WHERE `footer` = 1 AND `status` = 1 ORDER BY id asc LIMIT 4   [ RunTime:0.0000s ]
SQL: SELECT * FROM `movesay_user_coin` WHERE `userid` = 9 LIMIT 1   [ RunTime:0.0000s ]

